Determining if the pthread_create exist failed with the following output:
Change Dir: /home/vagrant/Projects/lab-09-producer-consumer/_builds/CMakeFiles/CMakeTmp

Run Build Command:"/usr/bin/make" "cmTC_f53a3/fast"
/usr/bin/make -f CMakeFiles/cmTC_f53a3.dir/build.make CMakeFiles/cmTC_f53a3.dir/build
make[1]: Entering directory '/home/vagrant/Projects/lab-09-producer-consumer/_builds/CMakeFiles/CMakeTmp'
Building C object CMakeFiles/cmTC_f53a3.dir/CheckSymbolExists.c.o
/usr/bin/gcc-7   -fPIC    -o CMakeFiles/cmTC_f53a3.dir/CheckSymbolExists.c.o   -c /home/vagrant/Projects/lab-09-producer-consumer/_builds/CMakeFiles/CMakeTmp/CheckSymbolExists.c
Linking C executable cmTC_f53a3
/usr/local/bin/cmake -E cmake_link_script CMakeFiles/cmTC_f53a3.dir/link.txt --verbose=1
/usr/bin/gcc-7 -fPIC     CMakeFiles/cmTC_f53a3.dir/CheckSymbolExists.c.o  -o cmTC_f53a3 
CMakeFiles/cmTC_f53a3.dir/CheckSymbolExists.c.o: In function `main':
CheckSymbolExists.c:(.text+0x1b): undefined reference to `pthread_create'
collect2: error: ld returned 1 exit status
CMakeFiles/cmTC_f53a3.dir/build.make:86: recipe for target 'cmTC_f53a3' failed
make[1]: *** [cmTC_f53a3] Error 1
make[1]: Leaving directory '/home/vagrant/Projects/lab-09-producer-consumer/_builds/CMakeFiles/CMakeTmp'
Makefile:121: recipe for target 'cmTC_f53a3/fast' failed
make: *** [cmTC_f53a3/fast] Error 2

File /home/vagrant/Projects/lab-09-producer-consumer/_builds/CMakeFiles/CMakeTmp/CheckSymbolExists.c:
/* */
#include <pthread.h>

int main(int argc, char** argv)
{
  (void)argv;
#ifndef pthread_create
  return ((int*)(&pthread_create))[argc];
#else
  (void)argc;
  return 0;
#endif
}

Determining if the function pthread_create exists in the pthreads failed with the following output:
Change Dir: /home/vagrant/Projects/lab-09-producer-consumer/_builds/CMakeFiles/CMakeTmp

Run Build Command:"/usr/bin/make" "cmTC_bec2a/fast"
/usr/bin/make -f CMakeFiles/cmTC_bec2a.dir/build.make CMakeFiles/cmTC_bec2a.dir/build
make[1]: Entering directory '/home/vagrant/Projects/lab-09-producer-consumer/_builds/CMakeFiles/CMakeTmp'
Building C object CMakeFiles/cmTC_bec2a.dir/CheckFunctionExists.c.o
/usr/bin/gcc-7   -fPIC -DCHECK_FUNCTION_EXISTS=pthread_create   -o CMakeFiles/cmTC_bec2a.dir/CheckFunctionExists.c.o   -c /usr/local/share/cmake-3.13/Modules/CheckFunctionExists.c
Linking C executable cmTC_bec2a
/usr/local/bin/cmake -E cmake_link_script CMakeFiles/cmTC_bec2a.dir/link.txt --verbose=1
/usr/bin/gcc-7 -fPIC -DCHECK_FUNCTION_EXISTS=pthread_create    CMakeFiles/cmTC_bec2a.dir/CheckFunctionExists.c.o  -o cmTC_bec2a -lpthreads 
/usr/bin/ld: cannot find -lpthreads
collect2: error: ld returned 1 exit status
CMakeFiles/cmTC_bec2a.dir/build.make:86: recipe for target 'cmTC_bec2a' failed
make[1]: *** [cmTC_bec2a] Error 1
make[1]: Leaving directory '/home/vagrant/Projects/lab-09-producer-consumer/_builds/CMakeFiles/CMakeTmp'
Makefile:121: recipe for target 'cmTC_bec2a/fast' failed
make: *** [cmTC_bec2a/fast] Error 2


